✓ Written to /Users/matthewlove/projects/TTU/HIST-2020_EarlyUSHistory/Early US History Outlines/Outline 1 The First Americans (1).md
Converting /Users/matthewlove/projects/TTU/HIST-2020_EarlyUSHistory/Early US History Outlines (Source)/Outline 10 The Articles of Confederation.doc -> .docx via LibreOffice...
✗ Failed: /Users/matthewlove/projects/TTU/HIST-2020_EarlyUSHistory/Early US History Outlines (Source)/Outline 10 The Articles of Confederation.doc
  LibreOffice conversion failed:
/Library/Frameworks/Python.framework/Versions/3.12/Resources/Python.app/Contents/MacOS/Python: can't open file '/mnt/skills/public/docx/scripts/office/soffice.py': [Errno 2] No such file or directory

Converting /Users/matthewlove/projects/TTU/HIST-2020_EarlyUSHistory/Early US History Outlines (Source)/Outline 11 The Fight for the Constitution.doc -> .docx via LibreOffice...
✗ Failed: /Users/matthewlove/projects/TTU/HIST-2020_EarlyUSHistory/Early US History Outlines (Source)/Outline 11 The Fight for the Constitution.doc
  LibreOffice conversion failed:
/Library/Frameworks/Python.framework/Versions/3.12/Resources/Python.app/Contents/MacOS/Python: can't open file '/mnt/skills/public/docx/scripts/office/soffice.py': [Errno 2] No such file or directory

✓ Written to /Users/matthewlove/projects/TTU/HIST-2020_EarlyUSHistory/Early US History Outlines/Outline 12 Federalists versus Republicans.md
✓ Written to /Users/matthewlove/projects/TTU/HIST-2020_EarlyUSHistory/Early US History Outlines/Outline 13 1790s.md
Converting /Users/matthewlove/projects/TTU/HIST-2020_EarlyUSHistory/Early US History Outlines (Source)/Outline 14 The Republicans in Power.doc -> .docx via LibreOffice...
✗ Failed: /Users/matthewlove/projects/TTU/HIST-2020_EarlyUSHistory/Early US History Outlines (Source)/Outline 14 The Republicans in Power.doc
  LibreOffice conversion failed:
/Library/Frameworks/Python.framework/Versions/3.12/Resources/Python.app/Contents/MacOS/Python: can't open file '/mnt/skills/public/docx/scripts/office/soffice.py': [Errno 2] No such file or directory

Converting /Users/matthewlove/projects/TTU/HIST-2020_EarlyUSHistory/Early US History Outlines (Source)/Outline 15 Democracy in America.doc -> .docx via LibreOffice...
✗ Failed: /Users/matthewlove/projects/TTU/HIST-2020_EarlyUSHistory/Early US History Outlines (Source)/Outline 15 Democracy in America.doc
  LibreOffice conversion failed:
/Library/Frameworks/Python.framework/Versions/3.12/Resources/Python.app/Contents/MacOS/Python: can't open file '/mnt/skills/public/docx/scripts/office/soffice.py': [Errno 2] No such file or directory

Converting /Users/matthewlove/projects/TTU/HIST-2020_EarlyUSHistory/Early US History Outlines (Source)/Outline 16 Age of Reform.doc -> .docx via LibreOffice...
✗ Failed: /Users/matthewlove/projects/TTU/HIST-2020_EarlyUSHistory/Early US History Outlines (Source)/Outline 16 Age of Reform.doc
  LibreOffice conversion failed:
/Library/Frameworks/Python.framework/Versions/3.12/Resources/Python.app/Contents/MacOS/Python: can't open file '/mnt/skills/public/docx/scripts/office/soffice.py': [Errno 2] No such file or directory

Converting /Users/matthewlove/projects/TTU/HIST-2020_EarlyUSHistory/Early US History Outlines (Source)/Outline 17 Manifest Destiny.doc -> .docx via LibreOffice...
✗ Failed: /Users/matthewlove/projects/TTU/HIST-2020_EarlyUSHistory/Early US History Outlines (Source)/Outline 17 Manifest Destiny.doc
  LibreOffice conversion failed:
/Library/Frameworks/Python.framework/Versions/3.12/Resources/Python.app/Contents/MacOS/Python: can't open file '/mnt/skills/public/docx/scripts/office/soffice.py': [Errno 2] No such file or directory

Converting /Users/matthewlove/projects/TTU/HIST-2020_EarlyUSHistory/Early US History Outlines (Source)/Outline 18 White Southerners in Time of Slavery.doc -> .docx via LibreOffice...
✗ Failed: /Users/matthewlove/projects/TTU/HIST-2020_EarlyUSHistory/Early US History Outlines (Source)/Outline 18 White Southerners in Time of Slavery.doc
  LibreOffice conversion failed:
/Library/Frameworks/Python.framework/Versions/3.12/Resources/Python.app/Contents/MacOS/Python: can't open file '/mnt/skills/public/docx/scripts/office/soffice.py': [Errno 2] No such file or directory

Converting /Users/matthewlove/projects/TTU/HIST-2020_EarlyUSHistory/Early US History Outlines (Source)/Outline 19 Black Southerners in Time of Slavery.doc -> .docx via LibreOffice...
✗ Failed: /Users/matthewlove/projects/TTU/HIST-2020_EarlyUSHistory/Early US History Outlines (Source)/Outline 19 Black Southerners in Time of Slavery.doc
  LibreOffice conversion failed:
/Library/Frameworks/Python.framework/Versions/3.12/Resources/Python.app/Contents/MacOS/Python: can't open file '/mnt/skills/public/docx/scripts/office/soffice.py': [Errno 2] No such file or directory

✓ Written to /Users/matthewlove/projects/TTU/HIST-2020_EarlyUSHistory/Early US History Outlines/Outline 2 European Explorers (1).md
Converting /Users/matthewlove/projects/TTU/HIST-2020_EarlyUSHistory/Early US History Outlines (Source)/Outline 20 Anti-Slavery Movement.doc -> .docx via LibreOffice...
✗ Failed: /Users/matthewlove/projects/TTU/HIST-2020_EarlyUSHistory/Early US History Outlines (Source)/Outline 20 Anti-Slavery Movement.doc
  LibreOffice conversion failed:
/Library/Frameworks/Python.framework/Versions/3.12/Resources/Python.app/Contents/MacOS/Python: can't open file '/mnt/skills/public/docx/scripts/office/soffice.py': [Errno 2] No such file or directory

Converting /Users/matthewlove/projects/TTU/HIST-2020_EarlyUSHistory/Early US History Outlines (Source)/Outline 21 Beginnings of Sectional Strife.doc -> .docx via LibreOffice...
✗ Failed: /Users/matthewlove/projects/TTU/HIST-2020_EarlyUSHistory/Early US History Outlines (Source)/Outline 21 Beginnings of Sectional Strife.doc
  LibreOffice conversion failed:
/Library/Frameworks/Python.framework/Versions/3.12/Resources/Python.app/Contents/MacOS/Python: can't open file '/mnt/skills/public/docx/scripts/office/soffice.py': [Errno 2] No such file or directory

✓ Written to /Users/matthewlove/projects/TTU/HIST-2020_EarlyUSHistory/Early US History Outlines/Outline 22 The Mexican-American War.md
✓ Written to /Users/matthewlove/projects/TTU/HIST-2020_EarlyUSHistory/Early US History Outlines/Outline 23 The 1850s.md
✓ Written to /Users/matthewlove/projects/TTU/HIST-2020_EarlyUSHistory/Early US History Outlines/Outline 24 Secession.md
✓ Written to /Users/matthewlove/projects/TTU/HIST-2020_EarlyUSHistory/Early US History Outlines/Outline 25 The Call to Arms.md
✓ Written to /Users/matthewlove/projects/TTU/HIST-2020_EarlyUSHistory/Early US History Outlines/Outline 26 Battlefields of Civil War.md
✓ Written to /Users/matthewlove/projects/TTU/HIST-2020_EarlyUSHistory/Early US History Outlines/Outline 27 Homefront North and South.md
✓ Written to /Users/matthewlove/projects/TTU/HIST-2020_EarlyUSHistory/Early US History Outlines/Outline 3 The First English Settlements (1).md
✓ Written to /Users/matthewlove/projects/TTU/HIST-2020_EarlyUSHistory/Early US History Outlines/Outline 4 England's Competitors in North America.md
✓ Written to /Users/matthewlove/projects/TTU/HIST-2020_EarlyUSHistory/Early US History Outlines/Outline 5 The American Colonies in the 17th Century.md
✓ Written to /Users/matthewlove/projects/TTU/HIST-2020_EarlyUSHistory/Early US History Outlines/Outline 6 The Colonies' Growing Pains.md
✓ Written to /Users/matthewlove/projects/TTU/HIST-2020_EarlyUSHistory/Early US History Outlines/Outline 7 The Colonies in the 18th Century.md
✓ Written to /Users/matthewlove/projects/TTU/HIST-2020_EarlyUSHistory/Early US History Outlines/Outline 8 From Resistance to Revolution.md
Converting /Users/matthewlove/projects/TTU/HIST-2020_EarlyUSHistory/Early US History Outlines (Source)/Outline 9 War for Independence.doc -> .docx via LibreOffice...
✗ Failed: /Users/matthewlove/projects/TTU/HIST-2020_EarlyUSHistory/Early US History Outlines (Source)/Outline 9 War for Independence.doc
  LibreOffice conversion failed:
/Library/Frameworks/Python.framework/Versions/3.12/Resources/Python.app/Contents/MacOS/Python: can't open file '/mnt/skills/public/docx/scripts/office/soffice.py': [Errno 2] No such file or directory

Done: converted 16 file(s), failed 11.
